<?xml version="1.0" encoding="UTF-8"?>
<testsuite name="bmpMatrix.LibraryTest" tests="1" skipped="0" failures="0" errors="0" timestamp="2019-09-10T04:48:19" hostname="sonic" time="0.001">
  <properties/>
  <testcase name="testSomeLibraryMethod" classname="bmpMatrix.LibraryTest" time="0.001"/>
  <system-out><![CDATA[]]></system-out>
  <system-err><![CDATA[]]></system-err>
</testsuite>
